<?xml version="1.0" encoding="UTF-8"?>
<!-- Generated by org.testng.reporters.JUnitReportReporter -->
<testsuite hostname="Panda" failures="0" tests="1" name="HEllo" time="3.885" errors="0" timestamp="2025-04-18T11:59:25 IST" skipped="0">
  <testcase classname="HEllo" name="helll" time="3.885"/>
  <system-out/>
</testsuite> <!-- HEllo -->
